<?xml version="1.0" encoding="UTF-8"?>
<testng-results ignored="0" total="1" passed="1" failed="0" skipped="0">
  <reporter-output>
  </reporter-output>
  <suite started-at="2024-04-19T00:24:20 PDT" name="Default suite" finished-at="2024-04-19T00:24:22 PDT" duration-ms="2930">
    <groups>
    </groups>
    <test started-at="2024-04-19T00:24:20 PDT" name="Default test" finished-at="2024-04-19T00:24:22 PDT" duration-ms="2930">
      <class name="jira.AddAComment">
        <test-method signature="addCommentToIssue()[pri:0, instance:jira.AddAComment@48e4374]" started-at="2024-04-19T00:24:20 PDT" name="addCommentToIssue" finished-at="2024-04-19T00:24:22 PDT" duration-ms="2866" status="PASS">
          <reporter-output>
          </reporter-output>
        </test-method> <!-- addCommentToIssue -->
      </class> <!-- jira.AddAComment -->
    </test> <!-- Default test -->
  </suite> <!-- Default suite -->
</testng-results>
